{"name": "test_login_params_004[Orange_HRM_login_data0]", "status": "broken", "statusDetails": {"message": "selenium.common.exceptions.TimeoutException: Message:", "trace": "self = <testCases.test_OrangeHRM_params_004.Test_OrangeHRM_Login_Params object at 0x0000029806905590>\nOrange_HRM_login_data = ('Admin', 'admin123', 'login_pass')\n\n    @pytest.mark.regression\n    @pytest.mark.params\n    def test_login_params_004(self, Orange_HRM_login_data):\n        username = Orange_HRM_login_data[0]\n        password = Orange_HRM_login_data[1]\n        expected_result = Orange_HRM_login_data[2]\n        wait = WebDriverWait(self.driver, 10)\n>       wait.until(expected_conditions.title_contains(\"OrangeHRM\")) #OR\n        ^^^^^^^^^^^^^^^^^^^^^^^^^^^^^^^^^^^^^^^^^^^^^^^^^^^^^^^^^^^\n\ntestCases\\test_OrangeHRM_params_004.py:24: \n_ _ _ _ _ _ _ _ _ _ _ _ _ _ _ _ _ _ _ _ _ _ _ _ _ _ _ _ _ _ _ _ _ _ _ _ _ _ _ _ _ _ _ _ _ _ _ _ _ _ _ _ _ _ _ _ _ _ _ _ _ _ _ _ _ _ _ _ _ _ _ _ _ _ _ _ _ _ _\n\nself = <selenium.webdriver.support.wait.WebDriverWait (session=\"e73123327b9fe72933f012dae0066292\")>\nmethod = <function title_contains.<locals>._predicate at 0x000002980625D9E0>, message = ''\n\n    def until(self, method: Callable[[D], Literal[False] | T], message: str = \"\") -> T:\n        \"\"\"Wait until the method returns a value that is not False.\n    \n        Calls the method provided with the driver as an argument until the\n        return value does not evaluate to ``False``.\n    \n        Args:\n            method: A callable object that takes a WebDriver instance as an\n                argument.\n            message: Optional message for TimeoutException.\n    \n        Returns:\n            The result of the last call to `method`.\n    \n        Raises:\n            TimeoutException: If 'method' does not return a truthy value within\n                the WebDriverWait object's timeout.\n    \n        Example:\n            >>> from selenium.webdriver.common.by import By\n            >>> from selenium.webdriver.support.ui import WebDriverWait\n            >>> from selenium.webdriver.support import expected_conditions as EC\n            >>>\n            >>> # Wait until an element is visible on the page\n            >>> wait = WebDriverWait(driver, 10)\n            >>> element = wait.until(EC.visibility_of_element_located((By.ID, \"exampleId\")))\n            >>> print(element.text)\n        \"\"\"\n        screen = None\n        stacktrace = None\n    \n        end_time = time.monotonic() + self._timeout\n        while True:\n            try:\n                value = method(self._driver)\n                if value:\n                    return value\n            except self._ignored_exceptions as exc:\n                screen = getattr(exc, \"screen\", None)\n                stacktrace = getattr(exc, \"stacktrace\", None)\n            if time.monotonic() > end_time:\n                break\n            time.sleep(self._poll)\n>       raise TimeoutException(message, screen, stacktrace)\nE       selenium.common.exceptions.TimeoutException: Message:\n\nC:\\Users\\Shriram\\AppData\\Local\\Programs\\Python\\Python313\\Lib\\site-packages\\selenium\\webdriver\\support\\wait.py:121: TimeoutException"}, "attachments": [{"name": "log", "source": "5dedee1d-755d-46bd-ad50-7d4f5fce9395-attachment.txt", "type": "text/plain"}], "parameters": [{"name": "Orange_HRM_login_data", "value": "('Admin', 'admin123', 'login_pass')"}], "start": 1771117772799, "stop": 1771117783302, "uuid": "3d0d13c7-4d50-4af0-9734-96d02d285939", "historyId": "d8eb457ad92c31681a4c1bcd55511c34", "testCaseId": "ae09059e966acec20bdbf13cd36cc81f", "fullName": "testCases.test_OrangeHRM_params_004.Test_OrangeHRM_Login_Params#test_login_params_004", "labels": [{"name": "tag", "value": "params"}, {"name": "tag", "value": "regression"}, {"name": "parentSuite", "value": "testCases"}, {"name": "suite", "value": "test_OrangeHRM_params_004"}, {"name": "subSuite", "value": "Test_OrangeHRM_Login_Params"}, {"name": "host", "value": "DESKTOP-PA6NCOP"}, {"name": "thread", "value": "12836-MainThread"}, {"name": "framework", "value": "pytest"}, {"name": "language", "value": "cpython3"}, {"name": "package", "value": "testCases.test_OrangeHRM_params_004"}], "titlePath": ["testCases", "test_OrangeHRM_params_004.py", "Test_OrangeHRM_Login_Params"]}